<?xml version="1.0" encoding="UTF-8"?>
<testng-results ignored="0" total="4" passed="4" failed="0" skipped="0">
  <reporter-output>
  </reporter-output>
  <suite started-at="2024-05-22T18:14:00 IST" name="Default suite" finished-at="2024-05-22T18:14:12 IST" duration-ms="12543">
    <groups>
      <group name="cucumber">
        <method signature="AbstractTestNGCucumberTests.runScenario(io.cucumber.testng.PickleWrapper,io.cucumber.testng.FeatureWrapper)[pri:0, instance:runnerClass.GreenCartRunnerClassTest@2cb4893b]" name="runScenario" class="io.cucumber.testng.AbstractTestNGCucumberTests"/>
      </group> <!-- cucumber -->
    </groups>
    <test started-at="2024-05-22T18:14:00 IST" name="Default test" finished-at="2024-05-22T18:14:12 IST" duration-ms="12543">
      <class name="runnerClass.GreenCartRunnerClassTest">
        <test-method is-config="true" signature="setUpClass(org.testng.ITestContext)[pri:0, instance:runnerClass.GreenCartRunnerClassTest@2cb4893b]" started-at="2024-05-22T18:14:00 IST" name="setUpClass" finished-at="2024-05-22T18:14:01 IST" duration-ms="853" status="PASS">
          <params>
            <param index="0">
              <value>
                <![CDATA[org.testng.TestRunner@6105f8a3]]>
              </value>
            </param>
          </params>
          <reporter-output>
          </reporter-output>
        </test-method> <!-- setUpClass -->
        <test-method signature="runScenario(io.cucumber.testng.PickleWrapper,io.cucumber.testng.FeatureWrapper)[pri:0, instance:runnerClass.GreenCartRunnerClassTest@2cb4893b]" started-at="2024-05-22T18:14:01 IST" name="runScenario" description="Runs Cucumber Scenarios" data-provider="scenarios" finished-at="2024-05-22T18:14:12 IST" duration-ms="11050" status="PASS">
          <params>
            <param index="0">
              <value>
                <![CDATA["Search experience for product search in both home and offers page"]]>
              </value>
            </param>
            <param index="1">
              <value>
                <![CDATA["Search and Place the order for products"]]>
              </value>
            </param>
          </params>
          <reporter-output>
          </reporter-output>
        </test-method> <!-- runScenario -->
        <test-method signature="runScenario(io.cucumber.testng.PickleWrapper,io.cucumber.testng.FeatureWrapper)[pri:0, instance:runnerClass.GreenCartRunnerClassTest@2cb4893b]" started-at="2024-05-22T18:14:01 IST" name="runScenario" description="Runs Cucumber Scenarios" data-provider="scenarios" finished-at="2024-05-22T18:14:12 IST" duration-ms="11548" status="PASS">
          <params>
            <param index="0">
              <value>
                <![CDATA["Search experience for product search in both home and offers page"]]>
              </value>
            </param>
            <param index="1">
              <value>
                <![CDATA["Search and Place the order for products"]]>
              </value>
            </param>
          </params>
          <reporter-output>
          </reporter-output>
        </test-method> <!-- runScenario -->
        <test-method signature="runScenario(io.cucumber.testng.PickleWrapper,io.cucumber.testng.FeatureWrapper)[pri:0, instance:runnerClass.GreenCartRunnerClassTest@2cb4893b]" started-at="2024-05-22T18:14:01 IST" name="runScenario" description="Runs Cucumber Scenarios" data-provider="scenarios" finished-at="2024-05-22T18:14:12 IST" duration-ms="11124" status="PASS">
          <params>
            <param index="0">
              <value>
                <![CDATA["Search experience for product search in both home and offers page"]]>
              </value>
            </param>
            <param index="1">
              <value>
                <![CDATA["Search and Place the order for products"]]>
              </value>
            </param>
          </params>
          <reporter-output>
          </reporter-output>
        </test-method> <!-- runScenario -->
        <test-method signature="runScenario(io.cucumber.testng.PickleWrapper,io.cucumber.testng.FeatureWrapper)[pri:0, instance:runnerClass.GreenCartRunnerClassTest@2cb4893b]" started-at="2024-05-22T18:14:01 IST" name="runScenario" description="Runs Cucumber Scenarios" data-provider="scenarios" finished-at="2024-05-22T18:14:11 IST" duration-ms="10932" status="PASS">
          <params>
            <param index="0">
              <value>
                <![CDATA["Search experience for product search in both home and offers page"]]>
              </value>
            </param>
            <param index="1">
              <value>
                <![CDATA["Search and Place the order for products."]]>
              </value>
            </param>
          </params>
          <reporter-output>
          </reporter-output>
        </test-method> <!-- runScenario -->
        <test-method is-config="true" signature="tearDownClass()[pri:0, instance:runnerClass.GreenCartRunnerClassTest@2cb4893b]" started-at="2024-05-22T18:14:12 IST" name="tearDownClass" finished-at="2024-05-22T18:14:12 IST" duration-ms="66" status="PASS">
          <reporter-output>
          </reporter-output>
        </test-method> <!-- tearDownClass -->
      </class> <!-- runnerClass.GreenCartRunnerClassTest -->
    </test> <!-- Default test -->
  </suite> <!-- Default suite -->
</testng-results>
